[H[2J

*************** SERVER STARTED ***************



********** DATA RECIEVED FROM CLIENT *********

========================================
----------------------------------------
Stats for Word: is
----------------------------------------
Total Word Count in File = 2
Word Count in Line1 = 0
Word Count in Line2 = 1
Word Count in Line3 = 1
Word Count in Line4 = 0
========================================



********** DATA RECIEVED FROM CLIENT *********

========================================
----------------------------------------
Stats for Word: is
----------------------------------------
Total Word Count in File = 2
Word Count in Line1 = 0
Word Count in Line2 = 1
Word Count in Line3 = 1
Word Count in Line4 = 0
========================================

